[2023-12-06 14:56:35] local.INFO: Member ID: 2 is running...  
[2023-12-06 15:05:46] local.INFO: Member ID: 2 is running...  
[2023-12-06 15:06:02] local.INFO: Member ID: 2 is running...  
[2023-12-06 15:06:13] local.INFO: Member ID: 2 is running...  
[2023-12-06 15:06:19] local.INFO: Member ID: 2 is running...  
[2023-12-06 15:06:39] local.INFO: Member ID: 2 is running...  
[2023-12-06 15:06:52] local.INFO: Member ID: 2 is running...  
[2023-12-06 15:06:56] local.INFO: Member ID: 2 is running...  
[2023-12-06 15:07:06] local.INFO: Member ID: 2 is running...  
[2023-12-06 15:07:19] local.INFO: Member ID: 2 is running...  
[2023-12-06 15:12:50] local.INFO: Member ID: 2 is running...  
[2023-12-06 15:13:19] local.INFO: Member ID: 2 is running...  
[2023-12-06 15:13:31] local.INFO: Member ID: 2 is running...  
[2023-12-06 15:13:42] local.INFO: Member ID: 2 is running...  
[2023-12-06 15:13:48] local.INFO: Member ID: 2 is running...  
[2023-12-06 15:13:58] local.INFO: Member ID: 2 is running...  
[2023-12-06 15:14:12] local.INFO: Member ID: 2 is running...  
[2023-12-06 15:14:15] local.INFO: Member ID: 2 is running...  
[2023-12-06 15:14:22] local.INFO: Member ID: 2 is running...  
[2023-12-06 15:14:35] local.INFO: Member ID: 2 is running...  
[2023-12-06 15:16:39] local.INFO: Member ID: 2 is running...  
[2023-12-06 15:16:49] local.INFO: Member ID: 2 is running...  
[2023-12-06 15:16:56] local.INFO: Member ID: 2 is running...  
[2023-12-06 15:17:03] local.INFO: Member ID: 2 is running...  
[2023-12-06 15:18:50] local.INFO: Member ID: 2 is running...  
[2023-12-06 15:19:01] local.INFO: Member ID: 2 is running...  
[2023-12-06 15:19:04] local.INFO: Member ID: 2 is running...  
[2023-12-06 15:19:08] local.INFO: Member ID: 2 is running...  
[2023-12-06 15:19:11] local.INFO: Member ID: 2 is running...  
[2023-12-06 15:19:15] local.INFO: Member ID: 2 is running...  
[2023-12-06 15:19:18] local.INFO: Member ID: 2 is running...  
[2023-12-06 15:21:25] local.INFO: Member ID: 2 is running...  
[2023-12-06 15:21:35] local.INFO: Member ID: 2 is running...  
[2023-12-06 15:21:54] local.INFO: Member ID: 2 is running...  
[2023-12-06 15:22:01] local.INFO: Member ID: 2 is running...  
[2023-12-06 15:27:03] local.INFO: Member ID: 1 is running...  
[2023-12-06 15:27:10] local.INFO: Member ID: 1 is running...  
[2023-12-06 15:27:20] local.INFO: Member ID: 1 is running...  
[2023-12-06 15:27:26] local.INFO: Member ID: 1 is running...  
[2023-12-06 15:27:46] local.INFO: Member ID: 1 is running...  
[2023-12-06 15:27:59] local.INFO: Member ID: 1 is running...  
[2023-12-06 15:28:28] local.INFO: Member ID: 1 is running...  
[2023-12-06 15:28:44] local.INFO: Member ID: 1 is running...  
[2023-12-06 15:28:47] local.INFO: Member ID: 1 is running...  
[2023-12-06 15:28:57] local.INFO: Member ID: 1 is running...  
[2023-12-06 15:29:07] local.INFO: Member ID: 1 is running...  
[2023-12-06 15:38:48] local.INFO: Member ID: 1 is running...  
[2023-12-06 15:39:10] local.INFO: Member ID: 1 is running...  
[2023-12-06 15:42:17] local.INFO: Member ID: 1 is running...  
[2023-12-06 15:42:21] local.INFO: Member ID: 1 is running...  
[2023-12-06 15:42:30] local.INFO: Member ID: 1 is running...  
[2023-12-06 15:42:40] local.INFO: Member ID: 1 is running...  
[2023-12-06 15:42:47] local.INFO: Member ID: 1 is running...  
[2023-12-06 15:42:54] local.INFO: Member ID: 1 is running...  
[2023-12-06 15:42:57] local.INFO: Member ID: 1 is running...  
[2023-12-06 15:43:04] local.INFO: Member ID: 1 is running...  
[2023-12-06 15:43:07] local.INFO: Member ID: 1 is running...  
[2023-12-06 15:48:02] local.INFO: Member ID: 1 is running...  
[2023-12-06 15:49:24] local.INFO: Member ID: 1 is running...  
[2023-12-06 15:49:32] local.INFO: Member ID: 1 is running...  
[2023-12-06 15:49:48] local.INFO: Member ID: 1 is running...  
[2023-12-06 15:49:54] local.INFO: Member ID: 1 is running...  
[2023-12-06 15:50:04] local.INFO: Member ID: 1 is running...  
[2023-12-06 15:50:17] local.INFO: Member ID: 1 is running...  
[2023-12-06 15:50:43] local.INFO: Member ID: 1 is running...  
[2023-12-06 15:51:19] local.INFO: Member ID: 1 is running...  
[2023-12-06 15:55:19] local.INFO: Member ID: 1 is running...  
[2023-12-06 15:55:29] local.INFO: Member ID: 1 is running...  
[2023-12-06 15:55:42] local.INFO: Member ID: 1 is running...  
[2023-12-06 15:55:48] local.INFO: Member ID: 1 is running...  
[2023-12-06 15:55:55] local.INFO: Member ID: 1 is running...  
[2023-12-06 15:56:11] local.INFO: Member ID: 1 is running...  
[2023-12-06 15:56:40] local.INFO: Member ID: 1 is running...  
[2023-12-06 16:12:43] local.ERROR: The "--sed" option does not exist. {"exception":"[object] (Symfony\\Component\\Console\\Exception\\RuntimeException(code: 0): The \"--sed\" option does not exist. at /Users/kayng/Desktop/fimmick-Po/fimmick-kinnso-2023-github/laravel/vendor/symfony/console/Input/ArgvInput.php:223)
[stacktrace]
#0 /Users/kayng/Desktop/fimmick-Po/fimmick-kinnso-2023-github/laravel/vendor/symfony/console/Input/ArgvInput.php(152): Symfony\\Component\\Console\\Input\\ArgvInput->addLongOption('sed', NULL)
#1 /Users/kayng/Desktop/fimmick-Po/fimmick-kinnso-2023-github/laravel/vendor/symfony/console/Input/ArgvInput.php(85): Symfony\\Component\\Console\\Input\\ArgvInput->parseLongOption('--sed')
#2 /Users/kayng/Desktop/fimmick-Po/fimmick-kinnso-2023-github/laravel/vendor/symfony/console/Input/ArgvInput.php(74): Symfony\\Component\\Console\\Input\\ArgvInput->parseToken('--sed', true)
#3 /Users/kayng/Desktop/fimmick-Po/fimmick-kinnso-2023-github/laravel/vendor/symfony/console/Input/Input.php(55): Symfony\\Component\\Console\\Input\\ArgvInput->parse()
#4 /Users/kayng/Desktop/fimmick-Po/fimmick-kinnso-2023-github/laravel/vendor/symfony/console/Command/Command.php(285): Symfony\\Component\\Console\\Input\\Input->bind(Object(Symfony\\Component\\Console\\Input\\InputDefinition))
#5 /Users/kayng/Desktop/fimmick-Po/fimmick-kinnso-2023-github/laravel/vendor/laravel/framework/src/Illuminate/Console/Command.php(180): Symfony\\Component\\Console\\Command\\Command->run(Object(Symfony\\Component\\Console\\Input\\ArgvInput), Object(Illuminate\\Console\\OutputStyle))
#6 /Users/kayng/Desktop/fimmick-Po/fimmick-kinnso-2023-github/laravel/vendor/symfony/console/Application.php(1081): Illuminate\\Console\\Command->run(Object(Symfony\\Component\\Console\\Input\\ArgvInput), Object(Symfony\\Component\\Console\\Output\\ConsoleOutput))
#7 /Users/kayng/Desktop/fimmick-Po/fimmick-kinnso-2023-github/laravel/vendor/symfony/console/Application.php(320): Symfony\\Component\\Console\\Application->doRunCommand(Object(Illuminate\\Database\\Console\\Migrations\\FreshCommand), Object(Symfony\\Component\\Console\\Input\\ArgvInput), Object(Symfony\\Component\\Console\\Output\\ConsoleOutput))
#8 /Users/kayng/Desktop/fimmick-Po/fimmick-kinnso-2023-github/laravel/vendor/symfony/console/Application.php(174): Symfony\\Component\\Console\\Application->doRun(Object(Symfony\\Component\\Console\\Input\\ArgvInput), Object(Symfony\\Component\\Console\\Output\\ConsoleOutput))
#9 /Users/kayng/Desktop/fimmick-Po/fimmick-kinnso-2023-github/laravel/vendor/laravel/framework/src/Illuminate/Foundation/Console/Kernel.php(201): Symfony\\Component\\Console\\Application->run(Object(Symfony\\Component\\Console\\Input\\ArgvInput), Object(Symfony\\Component\\Console\\Output\\ConsoleOutput))
#10 /Users/kayng/Desktop/fimmick-Po/fimmick-kinnso-2023-github/laravel/artisan(35): Illuminate\\Foundation\\Console\\Kernel->handle(Object(Symfony\\Component\\Console\\Input\\ArgvInput), Object(Symfony\\Component\\Console\\Output\\ConsoleOutput))
#11 {main}
"} 
[2023-12-06 16:14:00] local.ERROR: syntax error, unexpected token "<<" {"exception":"[object] (ParseError(code: 0): syntax error, unexpected token \"<<\" at /Users/kayng/Desktop/fimmick-Po/fimmick-kinnso-2023-github/laravel/app/Models/ChatbotState.php:23)
[stacktrace]
#0 /Users/kayng/Desktop/fimmick-Po/fimmick-kinnso-2023-github/laravel/vendor/composer/ClassLoader.php(427): Composer\\Autoload\\{closure}('/Users/kayng/De...')
#1 /Users/kayng/Desktop/fimmick-Po/fimmick-kinnso-2023-github/laravel/app/Http/Controllers/ChatbotLineController.php(171): Composer\\Autoload\\ClassLoader->loadClass('App\\\\Models\\\\Chat...')
#2 /Users/kayng/Desktop/fimmick-Po/fimmick-kinnso-2023-github/laravel/app/Jobs/ProcessLineReply.php(37): App\\Http\\Controllers\\ChatbotLineController->parseWebhook('{\"destination\":...', 1)
#3 /Users/kayng/Desktop/fimmick-Po/fimmick-kinnso-2023-github/laravel/vendor/laravel/framework/src/Illuminate/Container/BoundMethod.php(36): App\\Jobs\\ProcessLineReply->handle()
#4 /Users/kayng/Desktop/fimmick-Po/fimmick-kinnso-2023-github/laravel/vendor/laravel/framework/src/Illuminate/Container/Util.php(41): Illuminate\\Container\\BoundMethod::Illuminate\\Container\\{closure}()
#5 /Users/kayng/Desktop/fimmick-Po/fimmick-kinnso-2023-github/laravel/vendor/laravel/framework/src/Illuminate/Container/BoundMethod.php(93): Illuminate\\Container\\Util::unwrapIfClosure(Object(Closure))
#6 /Users/kayng/Desktop/fimmick-Po/fimmick-kinnso-2023-github/laravel/vendor/laravel/framework/src/Illuminate/Container/BoundMethod.php(35): Illuminate\\Container\\BoundMethod::callBoundMethod(Object(Illuminate\\Foundation\\Application), Array, Object(Closure))
#7 /Users/kayng/Desktop/fimmick-Po/fimmick-kinnso-2023-github/laravel/vendor/laravel/framework/src/Illuminate/Container/Container.php(662): Illuminate\\Container\\BoundMethod::call(Object(Illuminate\\Foundation\\Application), Array, Array, NULL)
#8 /Users/kayng/Desktop/fimmick-Po/fimmick-kinnso-2023-github/laravel/vendor/laravel/framework/src/Illuminate/Bus/Dispatcher.php(128): Illuminate\\Container\\Container->call(Array)
#9 /Users/kayng/Desktop/fimmick-Po/fimmick-kinnso-2023-github/laravel/vendor/laravel/framework/src/Illuminate/Pipeline/Pipeline.php(141): Illuminate\\Bus\\Dispatcher->Illuminate\\Bus\\{closure}(Object(App\\Jobs\\ProcessLineReply))
#10 /Users/kayng/Desktop/fimmick-Po/fimmick-kinnso-2023-github/laravel/vendor/laravel/framework/src/Illuminate/Pipeline/Pipeline.php(116): Illuminate\\Pipeline\\Pipeline->Illuminate\\Pipeline\\{closure}(Object(App\\Jobs\\ProcessLineReply))
#11 /Users/kayng/Desktop/fimmick-Po/fimmick-kinnso-2023-github/laravel/vendor/laravel/framework/src/Illuminate/Bus/Dispatcher.php(132): Illuminate\\Pipeline\\Pipeline->then(Object(Closure))
#12 /Users/kayng/Desktop/fimmick-Po/fimmick-kinnso-2023-github/laravel/vendor/laravel/framework/src/Illuminate/Queue/CallQueuedHandler.php(123): Illuminate\\Bus\\Dispatcher->dispatchNow(Object(App\\Jobs\\ProcessLineReply), false)
#13 /Users/kayng/Desktop/fimmick-Po/fimmick-kinnso-2023-github/laravel/vendor/laravel/framework/src/Illuminate/Pipeline/Pipeline.php(141): Illuminate\\Queue\\CallQueuedHandler->Illuminate\\Queue\\{closure}(Object(App\\Jobs\\ProcessLineReply))
#14 /Users/kayng/Desktop/fimmick-Po/fimmick-kinnso-2023-github/laravel/vendor/laravel/framework/src/Illuminate/Pipeline/Pipeline.php(116): Illuminate\\Pipeline\\Pipeline->Illuminate\\Pipeline\\{closure}(Object(App\\Jobs\\ProcessLineReply))
#15 /Users/kayng/Desktop/fimmick-Po/fimmick-kinnso-2023-github/laravel/vendor/laravel/framework/src/Illuminate/Queue/CallQueuedHandler.php(122): Illuminate\\Pipeline\\Pipeline->then(Object(Closure))
#16 /Users/kayng/Desktop/fimmick-Po/fimmick-kinnso-2023-github/laravel/vendor/laravel/framework/src/Illuminate/Queue/CallQueuedHandler.php(70): Illuminate\\Queue\\CallQueuedHandler->dispatchThroughMiddleware(Object(Illuminate\\Queue\\Jobs\\DatabaseJob), Object(App\\Jobs\\ProcessLineReply))
#17 /Users/kayng/Desktop/fimmick-Po/fimmick-kinnso-2023-github/laravel/vendor/laravel/framework/src/Illuminate/Queue/Jobs/Job.php(102): Illuminate\\Queue\\CallQueuedHandler->call(Object(Illuminate\\Queue\\Jobs\\DatabaseJob), Array)
#18 /Users/kayng/Desktop/fimmick-Po/fimmick-kinnso-2023-github/laravel/vendor/laravel/framework/src/Illuminate/Queue/Worker.php(439): Illuminate\\Queue\\Jobs\\Job->fire()
#19 /Users/kayng/Desktop/fimmick-Po/fimmick-kinnso-2023-github/laravel/vendor/laravel/framework/src/Illuminate/Queue/Worker.php(389): Illuminate\\Queue\\Worker->process('database', Object(Illuminate\\Queue\\Jobs\\DatabaseJob), Object(Illuminate\\Queue\\WorkerOptions))
#20 /Users/kayng/Desktop/fimmick-Po/fimmick-kinnso-2023-github/laravel/vendor/laravel/framework/src/Illuminate/Queue/Worker.php(333): Illuminate\\Queue\\Worker->runJob(Object(Illuminate\\Queue\\Jobs\\DatabaseJob), 'database', Object(Illuminate\\Queue\\WorkerOptions))
#21 /Users/kayng/Desktop/fimmick-Po/fimmick-kinnso-2023-github/laravel/vendor/laravel/framework/src/Illuminate/Queue/Console/WorkCommand.php(137): Illuminate\\Queue\\Worker->runNextJob('database', 'whatsapp-twilio...', Object(Illuminate\\Queue\\WorkerOptions))
#22 /Users/kayng/Desktop/fimmick-Po/fimmick-kinnso-2023-github/laravel/vendor/laravel/framework/src/Illuminate/Queue/Console/WorkCommand.php(120): Illuminate\\Queue\\Console\\WorkCommand->runWorker('database', 'whatsapp-twilio...')
#23 /Users/kayng/Desktop/fimmick-Po/fimmick-kinnso-2023-github/laravel/vendor/laravel/framework/src/Illuminate/Container/BoundMethod.php(36): Illuminate\\Queue\\Console\\WorkCommand->handle()
#24 /Users/kayng/Desktop/fimmick-Po/fimmick-kinnso-2023-github/laravel/vendor/laravel/framework/src/Illuminate/Container/Util.php(41): Illuminate\\Container\\BoundMethod::Illuminate\\Container\\{closure}()
#25 /Users/kayng/Desktop/fimmick-Po/fimmick-kinnso-2023-github/laravel/vendor/laravel/framework/src/Illuminate/Container/BoundMethod.php(93): Illuminate\\Container\\Util::unwrapIfClosure(Object(Closure))
#26 /Users/kayng/Desktop/fimmick-Po/fimmick-kinnso-2023-github/laravel/vendor/laravel/framework/src/Illuminate/Container/BoundMethod.php(35): Illuminate\\Container\\BoundMethod::callBoundMethod(Object(Illuminate\\Foundation\\Application), Array, Object(Closure))
#27 /Users/kayng/Desktop/fimmick-Po/fimmick-kinnso-2023-github/laravel/vendor/laravel/framework/src/Illuminate/Container/Container.php(662): Illuminate\\Container\\BoundMethod::call(Object(Illuminate\\Foundation\\Application), Array, Array, NULL)
#28 /Users/kayng/Desktop/fimmick-Po/fimmick-kinnso-2023-github/laravel/vendor/laravel/framework/src/Illuminate/Console/Command.php(211): Illuminate\\Container\\Container->call(Array)
#29 /Users/kayng/Desktop/fimmick-Po/fimmick-kinnso-2023-github/laravel/vendor/symfony/console/Command/Command.php(326): Illuminate\\Console\\Command->execute(Object(Symfony\\Component\\Console\\Input\\ArgvInput), Object(Illuminate\\Console\\OutputStyle))
#30 /Users/kayng/Desktop/fimmick-Po/fimmick-kinnso-2023-github/laravel/vendor/laravel/framework/src/Illuminate/Console/Command.php(180): Symfony\\Component\\Console\\Command\\Command->run(Object(Symfony\\Component\\Console\\Input\\ArgvInput), Object(Illuminate\\Console\\OutputStyle))
#31 /Users/kayng/Desktop/fimmick-Po/fimmick-kinnso-2023-github/laravel/vendor/symfony/console/Application.php(1081): Illuminate\\Console\\Command->run(Object(Symfony\\Component\\Console\\Input\\ArgvInput), Object(Symfony\\Component\\Console\\Output\\ConsoleOutput))
#32 /Users/kayng/Desktop/fimmick-Po/fimmick-kinnso-2023-github/laravel/vendor/symfony/console/Application.php(320): Symfony\\Component\\Console\\Application->doRunCommand(Object(Illuminate\\Queue\\Console\\WorkCommand), Object(Symfony\\Component\\Console\\Input\\ArgvInput), Object(Symfony\\Component\\Console\\Output\\ConsoleOutput))
#33 /Users/kayng/Desktop/fimmick-Po/fimmick-kinnso-2023-github/laravel/vendor/symfony/console/Application.php(174): Symfony\\Component\\Console\\Application->doRun(Object(Symfony\\Component\\Console\\Input\\ArgvInput), Object(Symfony\\Component\\Console\\Output\\ConsoleOutput))
#34 /Users/kayng/Desktop/fimmick-Po/fimmick-kinnso-2023-github/laravel/vendor/laravel/framework/src/Illuminate/Foundation/Console/Kernel.php(201): Symfony\\Component\\Console\\Application->run(Object(Symfony\\Component\\Console\\Input\\ArgvInput), Object(Symfony\\Component\\Console\\Output\\ConsoleOutput))
#35 /Users/kayng/Desktop/fimmick-Po/fimmick-kinnso-2023-github/laravel/artisan(35): Illuminate\\Foundation\\Console\\Kernel->handle(Object(Symfony\\Component\\Console\\Input\\ArgvInput), Object(Symfony\\Component\\Console\\Output\\ConsoleOutput))
#36 {main}
"} 
[2023-12-06 16:14:41] local.ERROR: Cannot use App\Models\CampaignCouponPool as CampaignCouponPool because the name is already in use {"exception":"[object] (Symfony\\Component\\ErrorHandler\\Error\\FatalError(code: 0): Cannot use App\\Models\\CampaignCouponPool as CampaignCouponPool because the name is already in use at /Users/kayng/Desktop/fimmick-Po/fimmick-kinnso-2023-github/laravel/app/Http/Controllers/ChatbotLogicController.php:34)
[stacktrace]
#0 {main}
"} 
[2023-12-06 16:15:41] local.ERROR: Cannot use App\Traits\JourneyNode as JourneyNode because the name is already in use {"exception":"[object] (Symfony\\Component\\ErrorHandler\\Error\\FatalError(code: 0): Cannot use App\\Traits\\JourneyNode as JourneyNode because the name is already in use at /Users/kayng/Desktop/fimmick-Po/fimmick-kinnso-2023-github/laravel/app/Http/Controllers/ChatbotLogicController.php:35)
[stacktrace]
#0 {main}
"} 
[2023-12-06 16:15:53] local.ERROR: Cannot use App\Traits\JourneyNode as JourneyNode because the name is already in use {"exception":"[object] (Symfony\\Component\\ErrorHandler\\Error\\FatalError(code: 0): Cannot use App\\Traits\\JourneyNode as JourneyNode because the name is already in use at /Users/kayng/Desktop/fimmick-Po/fimmick-kinnso-2023-github/laravel/app/Http/Controllers/ChatbotLogicController.php:35)
[stacktrace]
#0 {main}
"} 
[2023-12-06 16:16:12] local.ERROR: App\Jobs\ProcessLineReply has been attempted too many times. {"exception":"[object] (Illuminate\\Queue\\MaxAttemptsExceededException(code: 0): App\\Jobs\\ProcessLineReply has been attempted too many times. at /Users/kayng/Desktop/fimmick-Po/fimmick-kinnso-2023-github/laravel/vendor/laravel/framework/src/Illuminate/Queue/MaxAttemptsExceededException.php:24)
[stacktrace]
#0 /Users/kayng/Desktop/fimmick-Po/fimmick-kinnso-2023-github/laravel/vendor/laravel/framework/src/Illuminate/Queue/Worker.php(785): Illuminate\\Queue\\MaxAttemptsExceededException::forJob(Object(Illuminate\\Queue\\Jobs\\DatabaseJob))
#1 /Users/kayng/Desktop/fimmick-Po/fimmick-kinnso-2023-github/laravel/vendor/laravel/framework/src/Illuminate/Queue/Worker.php(519): Illuminate\\Queue\\Worker->maxAttemptsExceededException(Object(Illuminate\\Queue\\Jobs\\DatabaseJob))
#2 /Users/kayng/Desktop/fimmick-Po/fimmick-kinnso-2023-github/laravel/vendor/laravel/framework/src/Illuminate/Queue/Worker.php(428): Illuminate\\Queue\\Worker->markJobAsFailedIfAlreadyExceedsMaxAttempts('database', Object(Illuminate\\Queue\\Jobs\\DatabaseJob), 1)
#3 /Users/kayng/Desktop/fimmick-Po/fimmick-kinnso-2023-github/laravel/vendor/laravel/framework/src/Illuminate/Queue/Worker.php(389): Illuminate\\Queue\\Worker->process('database', Object(Illuminate\\Queue\\Jobs\\DatabaseJob), Object(Illuminate\\Queue\\WorkerOptions))
#4 /Users/kayng/Desktop/fimmick-Po/fimmick-kinnso-2023-github/laravel/vendor/laravel/framework/src/Illuminate/Queue/Worker.php(333): Illuminate\\Queue\\Worker->runJob(Object(Illuminate\\Queue\\Jobs\\DatabaseJob), 'database', Object(Illuminate\\Queue\\WorkerOptions))
#5 /Users/kayng/Desktop/fimmick-Po/fimmick-kinnso-2023-github/laravel/vendor/laravel/framework/src/Illuminate/Queue/Console/WorkCommand.php(137): Illuminate\\Queue\\Worker->runNextJob('database', 'whatsapp-twilio...', Object(Illuminate\\Queue\\WorkerOptions))
#6 /Users/kayng/Desktop/fimmick-Po/fimmick-kinnso-2023-github/laravel/vendor/laravel/framework/src/Illuminate/Queue/Console/WorkCommand.php(120): Illuminate\\Queue\\Console\\WorkCommand->runWorker('database', 'whatsapp-twilio...')
#7 /Users/kayng/Desktop/fimmick-Po/fimmick-kinnso-2023-github/laravel/vendor/laravel/framework/src/Illuminate/Container/BoundMethod.php(36): Illuminate\\Queue\\Console\\WorkCommand->handle()
#8 /Users/kayng/Desktop/fimmick-Po/fimmick-kinnso-2023-github/laravel/vendor/laravel/framework/src/Illuminate/Container/Util.php(41): Illuminate\\Container\\BoundMethod::Illuminate\\Container\\{closure}()
#9 /Users/kayng/Desktop/fimmick-Po/fimmick-kinnso-2023-github/laravel/vendor/laravel/framework/src/Illuminate/Container/BoundMethod.php(93): Illuminate\\Container\\Util::unwrapIfClosure(Object(Closure))
#10 /Users/kayng/Desktop/fimmick-Po/fimmick-kinnso-2023-github/laravel/vendor/laravel/framework/src/Illuminate/Container/BoundMethod.php(35): Illuminate\\Container\\BoundMethod::callBoundMethod(Object(Illuminate\\Foundation\\Application), Array, Object(Closure))
#11 /Users/kayng/Desktop/fimmick-Po/fimmick-kinnso-2023-github/laravel/vendor/laravel/framework/src/Illuminate/Container/Container.php(662): Illuminate\\Container\\BoundMethod::call(Object(Illuminate\\Foundation\\Application), Array, Array, NULL)
#12 /Users/kayng/Desktop/fimmick-Po/fimmick-kinnso-2023-github/laravel/vendor/laravel/framework/src/Illuminate/Console/Command.php(211): Illuminate\\Container\\Container->call(Array)
#13 /Users/kayng/Desktop/fimmick-Po/fimmick-kinnso-2023-github/laravel/vendor/symfony/console/Command/Command.php(326): Illuminate\\Console\\Command->execute(Object(Symfony\\Component\\Console\\Input\\ArgvInput), Object(Illuminate\\Console\\OutputStyle))
#14 /Users/kayng/Desktop/fimmick-Po/fimmick-kinnso-2023-github/laravel/vendor/laravel/framework/src/Illuminate/Console/Command.php(180): Symfony\\Component\\Console\\Command\\Command->run(Object(Symfony\\Component\\Console\\Input\\ArgvInput), Object(Illuminate\\Console\\OutputStyle))
#15 /Users/kayng/Desktop/fimmick-Po/fimmick-kinnso-2023-github/laravel/vendor/symfony/console/Application.php(1081): Illuminate\\Console\\Command->run(Object(Symfony\\Component\\Console\\Input\\ArgvInput), Object(Symfony\\Component\\Console\\Output\\ConsoleOutput))
#16 /Users/kayng/Desktop/fimmick-Po/fimmick-kinnso-2023-github/laravel/vendor/symfony/console/Application.php(320): Symfony\\Component\\Console\\Application->doRunCommand(Object(Illuminate\\Queue\\Console\\WorkCommand), Object(Symfony\\Component\\Console\\Input\\ArgvInput), Object(Symfony\\Component\\Console\\Output\\ConsoleOutput))
#17 /Users/kayng/Desktop/fimmick-Po/fimmick-kinnso-2023-github/laravel/vendor/symfony/console/Application.php(174): Symfony\\Component\\Console\\Application->doRun(Object(Symfony\\Component\\Console\\Input\\ArgvInput), Object(Symfony\\Component\\Console\\Output\\ConsoleOutput))
#18 /Users/kayng/Desktop/fimmick-Po/fimmick-kinnso-2023-github/laravel/vendor/laravel/framework/src/Illuminate/Foundation/Console/Kernel.php(201): Symfony\\Component\\Console\\Application->run(Object(Symfony\\Component\\Console\\Input\\ArgvInput), Object(Symfony\\Component\\Console\\Output\\ConsoleOutput))
#19 /Users/kayng/Desktop/fimmick-Po/fimmick-kinnso-2023-github/laravel/artisan(35): Illuminate\\Foundation\\Console\\Kernel->handle(Object(Symfony\\Component\\Console\\Input\\ArgvInput), Object(Symfony\\Component\\Console\\Output\\ConsoleOutput))
#20 {main}
"} 
[2023-12-06 16:17:11] local.ERROR: App\Jobs\ProcessLineReply has been attempted too many times. {"exception":"[object] (Illuminate\\Queue\\MaxAttemptsExceededException(code: 0): App\\Jobs\\ProcessLineReply has been attempted too many times. at /Users/kayng/Desktop/fimmick-Po/fimmick-kinnso-2023-github/laravel/vendor/laravel/framework/src/Illuminate/Queue/MaxAttemptsExceededException.php:24)
[stacktrace]
#0 /Users/kayng/Desktop/fimmick-Po/fimmick-kinnso-2023-github/laravel/vendor/laravel/framework/src/Illuminate/Queue/Worker.php(785): Illuminate\\Queue\\MaxAttemptsExceededException::forJob(Object(Illuminate\\Queue\\Jobs\\DatabaseJob))
#1 /Users/kayng/Desktop/fimmick-Po/fimmick-kinnso-2023-github/laravel/vendor/laravel/framework/src/Illuminate/Queue/Worker.php(519): Illuminate\\Queue\\Worker->maxAttemptsExceededException(Object(Illuminate\\Queue\\Jobs\\DatabaseJob))
#2 /Users/kayng/Desktop/fimmick-Po/fimmick-kinnso-2023-github/laravel/vendor/laravel/framework/src/Illuminate/Queue/Worker.php(428): Illuminate\\Queue\\Worker->markJobAsFailedIfAlreadyExceedsMaxAttempts('database', Object(Illuminate\\Queue\\Jobs\\DatabaseJob), 1)
#3 /Users/kayng/Desktop/fimmick-Po/fimmick-kinnso-2023-github/laravel/vendor/laravel/framework/src/Illuminate/Queue/Worker.php(389): Illuminate\\Queue\\Worker->process('database', Object(Illuminate\\Queue\\Jobs\\DatabaseJob), Object(Illuminate\\Queue\\WorkerOptions))
#4 /Users/kayng/Desktop/fimmick-Po/fimmick-kinnso-2023-github/laravel/vendor/laravel/framework/src/Illuminate/Queue/Worker.php(333): Illuminate\\Queue\\Worker->runJob(Object(Illuminate\\Queue\\Jobs\\DatabaseJob), 'database', Object(Illuminate\\Queue\\WorkerOptions))
#5 /Users/kayng/Desktop/fimmick-Po/fimmick-kinnso-2023-github/laravel/vendor/laravel/framework/src/Illuminate/Queue/Console/WorkCommand.php(137): Illuminate\\Queue\\Worker->runNextJob('database', 'whatsapp-twilio...', Object(Illuminate\\Queue\\WorkerOptions))
#6 /Users/kayng/Desktop/fimmick-Po/fimmick-kinnso-2023-github/laravel/vendor/laravel/framework/src/Illuminate/Queue/Console/WorkCommand.php(120): Illuminate\\Queue\\Console\\WorkCommand->runWorker('database', 'whatsapp-twilio...')
#7 /Users/kayng/Desktop/fimmick-Po/fimmick-kinnso-2023-github/laravel/vendor/laravel/framework/src/Illuminate/Container/BoundMethod.php(36): Illuminate\\Queue\\Console\\WorkCommand->handle()
#8 /Users/kayng/Desktop/fimmick-Po/fimmick-kinnso-2023-github/laravel/vendor/laravel/framework/src/Illuminate/Container/Util.php(41): Illuminate\\Container\\BoundMethod::Illuminate\\Container\\{closure}()
#9 /Users/kayng/Desktop/fimmick-Po/fimmick-kinnso-2023-github/laravel/vendor/laravel/framework/src/Illuminate/Container/BoundMethod.php(93): Illuminate\\Container\\Util::unwrapIfClosure(Object(Closure))
#10 /Users/kayng/Desktop/fimmick-Po/fimmick-kinnso-2023-github/laravel/vendor/laravel/framework/src/Illuminate/Container/BoundMethod.php(35): Illuminate\\Container\\BoundMethod::callBoundMethod(Object(Illuminate\\Foundation\\Application), Array, Object(Closure))
#11 /Users/kayng/Desktop/fimmick-Po/fimmick-kinnso-2023-github/laravel/vendor/laravel/framework/src/Illuminate/Container/Container.php(662): Illuminate\\Container\\BoundMethod::call(Object(Illuminate\\Foundation\\Application), Array, Array, NULL)
#12 /Users/kayng/Desktop/fimmick-Po/fimmick-kinnso-2023-github/laravel/vendor/laravel/framework/src/Illuminate/Console/Command.php(211): Illuminate\\Container\\Container->call(Array)
#13 /Users/kayng/Desktop/fimmick-Po/fimmick-kinnso-2023-github/laravel/vendor/symfony/console/Command/Command.php(326): Illuminate\\Console\\Command->execute(Object(Symfony\\Component\\Console\\Input\\ArgvInput), Object(Illuminate\\Console\\OutputStyle))
#14 /Users/kayng/Desktop/fimmick-Po/fimmick-kinnso-2023-github/laravel/vendor/laravel/framework/src/Illuminate/Console/Command.php(180): Symfony\\Component\\Console\\Command\\Command->run(Object(Symfony\\Component\\Console\\Input\\ArgvInput), Object(Illuminate\\Console\\OutputStyle))
#15 /Users/kayng/Desktop/fimmick-Po/fimmick-kinnso-2023-github/laravel/vendor/symfony/console/Application.php(1081): Illuminate\\Console\\Command->run(Object(Symfony\\Component\\Console\\Input\\ArgvInput), Object(Symfony\\Component\\Console\\Output\\ConsoleOutput))
#16 /Users/kayng/Desktop/fimmick-Po/fimmick-kinnso-2023-github/laravel/vendor/symfony/console/Application.php(320): Symfony\\Component\\Console\\Application->doRunCommand(Object(Illuminate\\Queue\\Console\\WorkCommand), Object(Symfony\\Component\\Console\\Input\\ArgvInput), Object(Symfony\\Component\\Console\\Output\\ConsoleOutput))
#17 /Users/kayng/Desktop/fimmick-Po/fimmick-kinnso-2023-github/laravel/vendor/symfony/console/Application.php(174): Symfony\\Component\\Console\\Application->doRun(Object(Symfony\\Component\\Console\\Input\\ArgvInput), Object(Symfony\\Component\\Console\\Output\\ConsoleOutput))
#18 /Users/kayng/Desktop/fimmick-Po/fimmick-kinnso-2023-github/laravel/vendor/laravel/framework/src/Illuminate/Foundation/Console/Kernel.php(201): Symfony\\Component\\Console\\Application->run(Object(Symfony\\Component\\Console\\Input\\ArgvInput), Object(Symfony\\Component\\Console\\Output\\ConsoleOutput))
#19 /Users/kayng/Desktop/fimmick-Po/fimmick-kinnso-2023-github/laravel/artisan(35): Illuminate\\Foundation\\Console\\Kernel->handle(Object(Symfony\\Component\\Console\\Input\\ArgvInput), Object(Symfony\\Component\\Console\\Output\\ConsoleOutput))
#20 {main}
"} 
[2023-12-06 16:17:25] local.ERROR: App\Jobs\ProcessLineReply has been attempted too many times. {"exception":"[object] (Illuminate\\Queue\\MaxAttemptsExceededException(code: 0): App\\Jobs\\ProcessLineReply has been attempted too many times. at /Users/kayng/Desktop/fimmick-Po/fimmick-kinnso-2023-github/laravel/vendor/laravel/framework/src/Illuminate/Queue/MaxAttemptsExceededException.php:24)
[stacktrace]
#0 /Users/kayng/Desktop/fimmick-Po/fimmick-kinnso-2023-github/laravel/vendor/laravel/framework/src/Illuminate/Queue/Worker.php(785): Illuminate\\Queue\\MaxAttemptsExceededException::forJob(Object(Illuminate\\Queue\\Jobs\\DatabaseJob))
#1 /Users/kayng/Desktop/fimmick-Po/fimmick-kinnso-2023-github/laravel/vendor/laravel/framework/src/Illuminate/Queue/Worker.php(519): Illuminate\\Queue\\Worker->maxAttemptsExceededException(Object(Illuminate\\Queue\\Jobs\\DatabaseJob))
#2 /Users/kayng/Desktop/fimmick-Po/fimmick-kinnso-2023-github/laravel/vendor/laravel/framework/src/Illuminate/Queue/Worker.php(428): Illuminate\\Queue\\Worker->markJobAsFailedIfAlreadyExceedsMaxAttempts('database', Object(Illuminate\\Queue\\Jobs\\DatabaseJob), 1)
#3 /Users/kayng/Desktop/fimmick-Po/fimmick-kinnso-2023-github/laravel/vendor/laravel/framework/src/Illuminate/Queue/Worker.php(389): Illuminate\\Queue\\Worker->process('database', Object(Illuminate\\Queue\\Jobs\\DatabaseJob), Object(Illuminate\\Queue\\WorkerOptions))
#4 /Users/kayng/Desktop/fimmick-Po/fimmick-kinnso-2023-github/laravel/vendor/laravel/framework/src/Illuminate/Queue/Worker.php(333): Illuminate\\Queue\\Worker->runJob(Object(Illuminate\\Queue\\Jobs\\DatabaseJob), 'database', Object(Illuminate\\Queue\\WorkerOptions))
#5 /Users/kayng/Desktop/fimmick-Po/fimmick-kinnso-2023-github/laravel/vendor/laravel/framework/src/Illuminate/Queue/Console/WorkCommand.php(137): Illuminate\\Queue\\Worker->runNextJob('database', 'whatsapp-twilio...', Object(Illuminate\\Queue\\WorkerOptions))
#6 /Users/kayng/Desktop/fimmick-Po/fimmick-kinnso-2023-github/laravel/vendor/laravel/framework/src/Illuminate/Queue/Console/WorkCommand.php(120): Illuminate\\Queue\\Console\\WorkCommand->runWorker('database', 'whatsapp-twilio...')
#7 /Users/kayng/Desktop/fimmick-Po/fimmick-kinnso-2023-github/laravel/vendor/laravel/framework/src/Illuminate/Container/BoundMethod.php(36): Illuminate\\Queue\\Console\\WorkCommand->handle()
#8 /Users/kayng/Desktop/fimmick-Po/fimmick-kinnso-2023-github/laravel/vendor/laravel/framework/src/Illuminate/Container/Util.php(41): Illuminate\\Container\\BoundMethod::Illuminate\\Container\\{closure}()
#9 /Users/kayng/Desktop/fimmick-Po/fimmick-kinnso-2023-github/laravel/vendor/laravel/framework/src/Illuminate/Container/BoundMethod.php(93): Illuminate\\Container\\Util::unwrapIfClosure(Object(Closure))
#10 /Users/kayng/Desktop/fimmick-Po/fimmick-kinnso-2023-github/laravel/vendor/laravel/framework/src/Illuminate/Container/BoundMethod.php(35): Illuminate\\Container\\BoundMethod::callBoundMethod(Object(Illuminate\\Foundation\\Application), Array, Object(Closure))
#11 /Users/kayng/Desktop/fimmick-Po/fimmick-kinnso-2023-github/laravel/vendor/laravel/framework/src/Illuminate/Container/Container.php(662): Illuminate\\Container\\BoundMethod::call(Object(Illuminate\\Foundation\\Application), Array, Array, NULL)
#12 /Users/kayng/Desktop/fimmick-Po/fimmick-kinnso-2023-github/laravel/vendor/laravel/framework/src/Illuminate/Console/Command.php(211): Illuminate\\Container\\Container->call(Array)
#13 /Users/kayng/Desktop/fimmick-Po/fimmick-kinnso-2023-github/laravel/vendor/symfony/console/Command/Command.php(326): Illuminate\\Console\\Command->execute(Object(Symfony\\Component\\Console\\Input\\ArgvInput), Object(Illuminate\\Console\\OutputStyle))
#14 /Users/kayng/Desktop/fimmick-Po/fimmick-kinnso-2023-github/laravel/vendor/laravel/framework/src/Illuminate/Console/Command.php(180): Symfony\\Component\\Console\\Command\\Command->run(Object(Symfony\\Component\\Console\\Input\\ArgvInput), Object(Illuminate\\Console\\OutputStyle))
#15 /Users/kayng/Desktop/fimmick-Po/fimmick-kinnso-2023-github/laravel/vendor/symfony/console/Application.php(1081): Illuminate\\Console\\Command->run(Object(Symfony\\Component\\Console\\Input\\ArgvInput), Object(Symfony\\Component\\Console\\Output\\ConsoleOutput))
#16 /Users/kayng/Desktop/fimmick-Po/fimmick-kinnso-2023-github/laravel/vendor/symfony/console/Application.php(320): Symfony\\Component\\Console\\Application->doRunCommand(Object(Illuminate\\Queue\\Console\\WorkCommand), Object(Symfony\\Component\\Console\\Input\\ArgvInput), Object(Symfony\\Component\\Console\\Output\\ConsoleOutput))
#17 /Users/kayng/Desktop/fimmick-Po/fimmick-kinnso-2023-github/laravel/vendor/symfony/console/Application.php(174): Symfony\\Component\\Console\\Application->doRun(Object(Symfony\\Component\\Console\\Input\\ArgvInput), Object(Symfony\\Component\\Console\\Output\\ConsoleOutput))
#18 /Users/kayng/Desktop/fimmick-Po/fimmick-kinnso-2023-github/laravel/vendor/laravel/framework/src/Illuminate/Foundation/Console/Kernel.php(201): Symfony\\Component\\Console\\Application->run(Object(Symfony\\Component\\Console\\Input\\ArgvInput), Object(Symfony\\Component\\Console\\Output\\ConsoleOutput))
#19 /Users/kayng/Desktop/fimmick-Po/fimmick-kinnso-2023-github/laravel/artisan(35): Illuminate\\Foundation\\Console\\Kernel->handle(Object(Symfony\\Component\\Console\\Input\\ArgvInput), Object(Symfony\\Component\\Console\\Output\\ConsoleOutput))
#20 {main}
"} 
[2023-12-06 17:00:14] local.ERROR: syntax error, unexpected token "public" {"exception":"[object] (ParseError(code: 0): syntax error, unexpected token \"public\" at /Users/kayng/Desktop/fimmick-Po/fimmick-kinnso-2023-github/laravel/app/Http/Controllers/ChatbotLogicController.php:1296)
[stacktrace]
#0 /Users/kayng/Desktop/fimmick-Po/fimmick-kinnso-2023-github/laravel/vendor/composer/ClassLoader.php(427): Composer\\Autoload\\{closure}('/Users/kayng/De...')
#1 [internal function]: Composer\\Autoload\\ClassLoader->loadClass('App\\\\Http\\\\Contro...')
#2 /Users/kayng/Desktop/fimmick-Po/fimmick-kinnso-2023-github/laravel/vendor/laravel/framework/src/Illuminate/Container/Container.php(912): ReflectionClass->__construct('App\\\\Http\\\\Contro...')
#3 /Users/kayng/Desktop/fimmick-Po/fimmick-kinnso-2023-github/laravel/vendor/laravel/framework/src/Illuminate/Container/Container.php(795): Illuminate\\Container\\Container->build('App\\\\Http\\\\Contro...')
#4 /Users/kayng/Desktop/fimmick-Po/fimmick-kinnso-2023-github/laravel/vendor/laravel/framework/src/Illuminate/Foundation/Application.php(955): Illuminate\\Container\\Container->resolve('App\\\\Http\\\\Contro...', Array, true)
#5 /Users/kayng/Desktop/fimmick-Po/fimmick-kinnso-2023-github/laravel/vendor/laravel/framework/src/Illuminate/Container/Container.php(731): Illuminate\\Foundation\\Application->resolve('App\\\\Http\\\\Contro...', Array)
#6 /Users/kayng/Desktop/fimmick-Po/fimmick-kinnso-2023-github/laravel/vendor/laravel/framework/src/Illuminate/Foundation/Application.php(940): Illuminate\\Container\\Container->make('App\\\\Http\\\\Contro...', Array)
#7 /Users/kayng/Desktop/fimmick-Po/fimmick-kinnso-2023-github/laravel/vendor/laravel/framework/src/Illuminate/Foundation/helpers.php(120): Illuminate\\Foundation\\Application->make('App\\\\Http\\\\Contro...', Array)
#8 /Users/kayng/Desktop/fimmick-Po/fimmick-kinnso-2023-github/laravel/app/Http/Controllers/ChatbotWhatsappTwilioController.php(142): app('App\\\\Http\\\\Contro...')
#9 /Users/kayng/Desktop/fimmick-Po/fimmick-kinnso-2023-github/laravel/app/Jobs/ProcessWhatsappTwilioReply.php(32): App\\Http\\Controllers\\ChatbotWhatsappTwilioController->parseWebhook(17)
#10 /Users/kayng/Desktop/fimmick-Po/fimmick-kinnso-2023-github/laravel/vendor/laravel/framework/src/Illuminate/Container/BoundMethod.php(36): App\\Jobs\\ProcessWhatsappTwilioReply->handle()
#11 /Users/kayng/Desktop/fimmick-Po/fimmick-kinnso-2023-github/laravel/vendor/laravel/framework/src/Illuminate/Container/Util.php(41): Illuminate\\Container\\BoundMethod::Illuminate\\Container\\{closure}()
#12 /Users/kayng/Desktop/fimmick-Po/fimmick-kinnso-2023-github/laravel/vendor/laravel/framework/src/Illuminate/Container/BoundMethod.php(93): Illuminate\\Container\\Util::unwrapIfClosure(Object(Closure))
#13 /Users/kayng/Desktop/fimmick-Po/fimmick-kinnso-2023-github/laravel/vendor/laravel/framework/src/Illuminate/Container/BoundMethod.php(35): Illuminate\\Container\\BoundMethod::callBoundMethod(Object(Illuminate\\Foundation\\Application), Array, Object(Closure))
#14 /Users/kayng/Desktop/fimmick-Po/fimmick-kinnso-2023-github/laravel/vendor/laravel/framework/src/Illuminate/Container/Container.php(662): Illuminate\\Container\\BoundMethod::call(Object(Illuminate\\Foundation\\Application), Array, Array, NULL)
#15 /Users/kayng/Desktop/fimmick-Po/fimmick-kinnso-2023-github/laravel/vendor/laravel/framework/src/Illuminate/Bus/Dispatcher.php(128): Illuminate\\Container\\Container->call(Array)
#16 /Users/kayng/Desktop/fimmick-Po/fimmick-kinnso-2023-github/laravel/vendor/laravel/framework/src/Illuminate/Pipeline/Pipeline.php(141): Illuminate\\Bus\\Dispatcher->Illuminate\\Bus\\{closure}(Object(App\\Jobs\\ProcessWhatsappTwilioReply))
#17 /Users/kayng/Desktop/fimmick-Po/fimmick-kinnso-2023-github/laravel/vendor/laravel/framework/src/Illuminate/Pipeline/Pipeline.php(116): Illuminate\\Pipeline\\Pipeline->Illuminate\\Pipeline\\{closure}(Object(App\\Jobs\\ProcessWhatsappTwilioReply))
#18 /Users/kayng/Desktop/fimmick-Po/fimmick-kinnso-2023-github/laravel/vendor/laravel/framework/src/Illuminate/Bus/Dispatcher.php(132): Illuminate\\Pipeline\\Pipeline->then(Object(Closure))
#19 /Users/kayng/Desktop/fimmick-Po/fimmick-kinnso-2023-github/laravel/vendor/laravel/framework/src/Illuminate/Queue/CallQueuedHandler.php(123): Illuminate\\Bus\\Dispatcher->dispatchNow(Object(App\\Jobs\\ProcessWhatsappTwilioReply), false)
#20 /Users/kayng/Desktop/fimmick-Po/fimmick-kinnso-2023-github/laravel/vendor/laravel/framework/src/Illuminate/Pipeline/Pipeline.php(141): Illuminate\\Queue\\CallQueuedHandler->Illuminate\\Queue\\{closure}(Object(App\\Jobs\\ProcessWhatsappTwilioReply))
#21 /Users/kayng/Desktop/fimmick-Po/fimmick-kinnso-2023-github/laravel/vendor/laravel/framework/src/Illuminate/Pipeline/Pipeline.php(116): Illuminate\\Pipeline\\Pipeline->Illuminate\\Pipeline\\{closure}(Object(App\\Jobs\\ProcessWhatsappTwilioReply))
#22 /Users/kayng/Desktop/fimmick-Po/fimmick-kinnso-2023-github/laravel/vendor/laravel/framework/src/Illuminate/Queue/CallQueuedHandler.php(122): Illuminate\\Pipeline\\Pipeline->then(Object(Closure))
#23 /Users/kayng/Desktop/fimmick-Po/fimmick-kinnso-2023-github/laravel/vendor/laravel/framework/src/Illuminate/Queue/CallQueuedHandler.php(70): Illuminate\\Queue\\CallQueuedHandler->dispatchThroughMiddleware(Object(Illuminate\\Queue\\Jobs\\DatabaseJob), Object(App\\Jobs\\ProcessWhatsappTwilioReply))
#24 /Users/kayng/Desktop/fimmick-Po/fimmick-kinnso-2023-github/laravel/vendor/laravel/framework/src/Illuminate/Queue/Jobs/Job.php(102): Illuminate\\Queue\\CallQueuedHandler->call(Object(Illuminate\\Queue\\Jobs\\DatabaseJob), Array)
#25 /Users/kayng/Desktop/fimmick-Po/fimmick-kinnso-2023-github/laravel/vendor/laravel/framework/src/Illuminate/Queue/Worker.php(439): Illuminate\\Queue\\Jobs\\Job->fire()
#26 /Users/kayng/Desktop/fimmick-Po/fimmick-kinnso-2023-github/laravel/vendor/laravel/framework/src/Illuminate/Queue/Worker.php(389): Illuminate\\Queue\\Worker->process('database', Object(Illuminate\\Queue\\Jobs\\DatabaseJob), Object(Illuminate\\Queue\\WorkerOptions))
#27 /Users/kayng/Desktop/fimmick-Po/fimmick-kinnso-2023-github/laravel/vendor/laravel/framework/src/Illuminate/Queue/Worker.php(333): Illuminate\\Queue\\Worker->runJob(Object(Illuminate\\Queue\\Jobs\\DatabaseJob), 'database', Object(Illuminate\\Queue\\WorkerOptions))
#28 /Users/kayng/Desktop/fimmick-Po/fimmick-kinnso-2023-github/laravel/vendor/laravel/framework/src/Illuminate/Queue/Console/WorkCommand.php(137): Illuminate\\Queue\\Worker->runNextJob('database', 'whatsapp-twilio...', Object(Illuminate\\Queue\\WorkerOptions))
#29 /Users/kayng/Desktop/fimmick-Po/fimmick-kinnso-2023-github/laravel/vendor/laravel/framework/src/Illuminate/Queue/Console/WorkCommand.php(120): Illuminate\\Queue\\Console\\WorkCommand->runWorker('database', 'whatsapp-twilio...')
#30 /Users/kayng/Desktop/fimmick-Po/fimmick-kinnso-2023-github/laravel/vendor/laravel/framework/src/Illuminate/Container/BoundMethod.php(36): Illuminate\\Queue\\Console\\WorkCommand->handle()
#31 /Users/kayng/Desktop/fimmick-Po/fimmick-kinnso-2023-github/laravel/vendor/laravel/framework/src/Illuminate/Container/Util.php(41): Illuminate\\Container\\BoundMethod::Illuminate\\Container\\{closure}()
#32 /Users/kayng/Desktop/fimmick-Po/fimmick-kinnso-2023-github/laravel/vendor/laravel/framework/src/Illuminate/Container/BoundMethod.php(93): Illuminate\\Container\\Util::unwrapIfClosure(Object(Closure))
#33 /Users/kayng/Desktop/fimmick-Po/fimmick-kinnso-2023-github/laravel/vendor/laravel/framework/src/Illuminate/Container/BoundMethod.php(35): Illuminate\\Container\\BoundMethod::callBoundMethod(Object(Illuminate\\Foundation\\Application), Array, Object(Closure))
#34 /Users/kayng/Desktop/fimmick-Po/fimmick-kinnso-2023-github/laravel/vendor/laravel/framework/src/Illuminate/Container/Container.php(662): Illuminate\\Container\\BoundMethod::call(Object(Illuminate\\Foundation\\Application), Array, Array, NULL)
#35 /Users/kayng/Desktop/fimmick-Po/fimmick-kinnso-2023-github/laravel/vendor/laravel/framework/src/Illuminate/Console/Command.php(211): Illuminate\\Container\\Container->call(Array)
#36 /Users/kayng/Desktop/fimmick-Po/fimmick-kinnso-2023-github/laravel/vendor/symfony/console/Command/Command.php(326): Illuminate\\Console\\Command->execute(Object(Symfony\\Component\\Console\\Input\\ArgvInput), Object(Illuminate\\Console\\OutputStyle))
#37 /Users/kayng/Desktop/fimmick-Po/fimmick-kinnso-2023-github/laravel/vendor/laravel/framework/src/Illuminate/Console/Command.php(180): Symfony\\Component\\Console\\Command\\Command->run(Object(Symfony\\Component\\Console\\Input\\ArgvInput), Object(Illuminate\\Console\\OutputStyle))
#38 /Users/kayng/Desktop/fimmick-Po/fimmick-kinnso-2023-github/laravel/vendor/symfony/console/Application.php(1081): Illuminate\\Console\\Command->run(Object(Symfony\\Component\\Console\\Input\\ArgvInput), Object(Symfony\\Component\\Console\\Output\\ConsoleOutput))
#39 /Users/kayng/Desktop/fimmick-Po/fimmick-kinnso-2023-github/laravel/vendor/symfony/console/Application.php(320): Symfony\\Component\\Console\\Application->doRunCommand(Object(Illuminate\\Queue\\Console\\WorkCommand), Object(Symfony\\Component\\Console\\Input\\ArgvInput), Object(Symfony\\Component\\Console\\Output\\ConsoleOutput))
#40 /Users/kayng/Desktop/fimmick-Po/fimmick-kinnso-2023-github/laravel/vendor/symfony/console/Application.php(174): Symfony\\Component\\Console\\Application->doRun(Object(Symfony\\Component\\Console\\Input\\ArgvInput), Object(Symfony\\Component\\Console\\Output\\ConsoleOutput))
#41 /Users/kayng/Desktop/fimmick-Po/fimmick-kinnso-2023-github/laravel/vendor/laravel/framework/src/Illuminate/Foundation/Console/Kernel.php(201): Symfony\\Component\\Console\\Application->run(Object(Symfony\\Component\\Console\\Input\\ArgvInput), Object(Symfony\\Component\\Console\\Output\\ConsoleOutput))
#42 /Users/kayng/Desktop/fimmick-Po/fimmick-kinnso-2023-github/laravel/artisan(35): Illuminate\\Foundation\\Console\\Kernel->handle(Object(Symfony\\Component\\Console\\Input\\ArgvInput), Object(Symfony\\Component\\Console\\Output\\ConsoleOutput))
#43 {main}
"} 
[2023-12-06 17:02:56] local.ERROR: Undefined constant "App\Http\Controllers\this" {"exception":"[object] (Error(code: 0): Undefined constant \"App\\Http\\Controllers\\this\" at /Users/kayng/Desktop/fimmick-Po/fimmick-kinnso-2023-github/laravel/app/Http/Controllers/ChatbotLogicController.php:1409)
[stacktrace]
#0 [internal function]: App\\Http\\Controllers\\ChatbotLogicController->processMenu(Array, Object(App\\Models\\Member), Array, 'whatsapp-twilio')
#1 /Users/kayng/Desktop/fimmick-Po/fimmick-kinnso-2023-github/laravel/app/Http/Controllers/ChatbotLogicController.php(311): call_user_func_array(Array, Array)
#2 /Users/kayng/Desktop/fimmick-Po/fimmick-kinnso-2023-github/laravel/app/Http/Controllers/ChatbotWhatsappTwilioController.php(142): App\\Http\\Controllers\\ChatbotLogicController->processLogic(Array, Object(App\\Models\\Member), Object(App\\Models\\ChatbotState), 'whatsapp-twilio')
#3 /Users/kayng/Desktop/fimmick-Po/fimmick-kinnso-2023-github/laravel/app/Jobs/ProcessWhatsappTwilioReply.php(32): App\\Http\\Controllers\\ChatbotWhatsappTwilioController->parseWebhook(27)
#4 /Users/kayng/Desktop/fimmick-Po/fimmick-kinnso-2023-github/laravel/vendor/laravel/framework/src/Illuminate/Container/BoundMethod.php(36): App\\Jobs\\ProcessWhatsappTwilioReply->handle()
#5 /Users/kayng/Desktop/fimmick-Po/fimmick-kinnso-2023-github/laravel/vendor/laravel/framework/src/Illuminate/Container/Util.php(41): Illuminate\\Container\\BoundMethod::Illuminate\\Container\\{closure}()
#6 /Users/kayng/Desktop/fimmick-Po/fimmick-kinnso-2023-github/laravel/vendor/laravel/framework/src/Illuminate/Container/BoundMethod.php(93): Illuminate\\Container\\Util::unwrapIfClosure(Object(Closure))
#7 /Users/kayng/Desktop/fimmick-Po/fimmick-kinnso-2023-github/laravel/vendor/laravel/framework/src/Illuminate/Container/BoundMethod.php(35): Illuminate\\Container\\BoundMethod::callBoundMethod(Object(Illuminate\\Foundation\\Application), Array, Object(Closure))
#8 /Users/kayng/Desktop/fimmick-Po/fimmick-kinnso-2023-github/laravel/vendor/laravel/framework/src/Illuminate/Container/Container.php(662): Illuminate\\Container\\BoundMethod::call(Object(Illuminate\\Foundation\\Application), Array, Array, NULL)
#9 /Users/kayng/Desktop/fimmick-Po/fimmick-kinnso-2023-github/laravel/vendor/laravel/framework/src/Illuminate/Bus/Dispatcher.php(128): Illuminate\\Container\\Container->call(Array)
#10 /Users/kayng/Desktop/fimmick-Po/fimmick-kinnso-2023-github/laravel/vendor/laravel/framework/src/Illuminate/Pipeline/Pipeline.php(141): Illuminate\\Bus\\Dispatcher->Illuminate\\Bus\\{closure}(Object(App\\Jobs\\ProcessWhatsappTwilioReply))
#11 /Users/kayng/Desktop/fimmick-Po/fimmick-kinnso-2023-github/laravel/vendor/laravel/framework/src/Illuminate/Pipeline/Pipeline.php(116): Illuminate\\Pipeline\\Pipeline->Illuminate\\Pipeline\\{closure}(Object(App\\Jobs\\ProcessWhatsappTwilioReply))
#12 /Users/kayng/Desktop/fimmick-Po/fimmick-kinnso-2023-github/laravel/vendor/laravel/framework/src/Illuminate/Bus/Dispatcher.php(132): Illuminate\\Pipeline\\Pipeline->then(Object(Closure))
#13 /Users/kayng/Desktop/fimmick-Po/fimmick-kinnso-2023-github/laravel/vendor/laravel/framework/src/Illuminate/Queue/CallQueuedHandler.php(123): Illuminate\\Bus\\Dispatcher->dispatchNow(Object(App\\Jobs\\ProcessWhatsappTwilioReply), false)
#14 /Users/kayng/Desktop/fimmick-Po/fimmick-kinnso-2023-github/laravel/vendor/laravel/framework/src/Illuminate/Pipeline/Pipeline.php(141): Illuminate\\Queue\\CallQueuedHandler->Illuminate\\Queue\\{closure}(Object(App\\Jobs\\ProcessWhatsappTwilioReply))
#15 /Users/kayng/Desktop/fimmick-Po/fimmick-kinnso-2023-github/laravel/vendor/laravel/framework/src/Illuminate/Pipeline/Pipeline.php(116): Illuminate\\Pipeline\\Pipeline->Illuminate\\Pipeline\\{closure}(Object(App\\Jobs\\ProcessWhatsappTwilioReply))
#16 /Users/kayng/Desktop/fimmick-Po/fimmick-kinnso-2023-github/laravel/vendor/laravel/framework/src/Illuminate/Queue/CallQueuedHandler.php(122): Illuminate\\Pipeline\\Pipeline->then(Object(Closure))
#17 /Users/kayng/Desktop/fimmick-Po/fimmick-kinnso-2023-github/laravel/vendor/laravel/framework/src/Illuminate/Queue/CallQueuedHandler.php(70): Illuminate\\Queue\\CallQueuedHandler->dispatchThroughMiddleware(Object(Illuminate\\Queue\\Jobs\\DatabaseJob), Object(App\\Jobs\\ProcessWhatsappTwilioReply))
#18 /Users/kayng/Desktop/fimmick-Po/fimmick-kinnso-2023-github/laravel/vendor/laravel/framework/src/Illuminate/Queue/Jobs/Job.php(102): Illuminate\\Queue\\CallQueuedHandler->call(Object(Illuminate\\Queue\\Jobs\\DatabaseJob), Array)
#19 /Users/kayng/Desktop/fimmick-Po/fimmick-kinnso-2023-github/laravel/vendor/laravel/framework/src/Illuminate/Queue/Worker.php(439): Illuminate\\Queue\\Jobs\\Job->fire()
#20 /Users/kayng/Desktop/fimmick-Po/fimmick-kinnso-2023-github/laravel/vendor/laravel/framework/src/Illuminate/Queue/Worker.php(389): Illuminate\\Queue\\Worker->process('database', Object(Illuminate\\Queue\\Jobs\\DatabaseJob), Object(Illuminate\\Queue\\WorkerOptions))
#21 /Users/kayng/Desktop/fimmick-Po/fimmick-kinnso-2023-github/laravel/vendor/laravel/framework/src/Illuminate/Queue/Worker.php(333): Illuminate\\Queue\\Worker->runJob(Object(Illuminate\\Queue\\Jobs\\DatabaseJob), 'database', Object(Illuminate\\Queue\\WorkerOptions))
#22 /Users/kayng/Desktop/fimmick-Po/fimmick-kinnso-2023-github/laravel/vendor/laravel/framework/src/Illuminate/Queue/Console/WorkCommand.php(137): Illuminate\\Queue\\Worker->runNextJob('database', 'whatsapp-twilio...', Object(Illuminate\\Queue\\WorkerOptions))
#23 /Users/kayng/Desktop/fimmick-Po/fimmick-kinnso-2023-github/laravel/vendor/laravel/framework/src/Illuminate/Queue/Console/WorkCommand.php(120): Illuminate\\Queue\\Console\\WorkCommand->runWorker('database', 'whatsapp-twilio...')
#24 /Users/kayng/Desktop/fimmick-Po/fimmick-kinnso-2023-github/laravel/vendor/laravel/framework/src/Illuminate/Container/BoundMethod.php(36): Illuminate\\Queue\\Console\\WorkCommand->handle()
#25 /Users/kayng/Desktop/fimmick-Po/fimmick-kinnso-2023-github/laravel/vendor/laravel/framework/src/Illuminate/Container/Util.php(41): Illuminate\\Container\\BoundMethod::Illuminate\\Container\\{closure}()
#26 /Users/kayng/Desktop/fimmick-Po/fimmick-kinnso-2023-github/laravel/vendor/laravel/framework/src/Illuminate/Container/BoundMethod.php(93): Illuminate\\Container\\Util::unwrapIfClosure(Object(Closure))
#27 /Users/kayng/Desktop/fimmick-Po/fimmick-kinnso-2023-github/laravel/vendor/laravel/framework/src/Illuminate/Container/BoundMethod.php(35): Illuminate\\Container\\BoundMethod::callBoundMethod(Object(Illuminate\\Foundation\\Application), Array, Object(Closure))
#28 /Users/kayng/Desktop/fimmick-Po/fimmick-kinnso-2023-github/laravel/vendor/laravel/framework/src/Illuminate/Container/Container.php(662): Illuminate\\Container\\BoundMethod::call(Object(Illuminate\\Foundation\\Application), Array, Array, NULL)
#29 /Users/kayng/Desktop/fimmick-Po/fimmick-kinnso-2023-github/laravel/vendor/laravel/framework/src/Illuminate/Console/Command.php(211): Illuminate\\Container\\Container->call(Array)
#30 /Users/kayng/Desktop/fimmick-Po/fimmick-kinnso-2023-github/laravel/vendor/symfony/console/Command/Command.php(326): Illuminate\\Console\\Command->execute(Object(Symfony\\Component\\Console\\Input\\ArgvInput), Object(Illuminate\\Console\\OutputStyle))
#31 /Users/kayng/Desktop/fimmick-Po/fimmick-kinnso-2023-github/laravel/vendor/laravel/framework/src/Illuminate/Console/Command.php(180): Symfony\\Component\\Console\\Command\\Command->run(Object(Symfony\\Component\\Console\\Input\\ArgvInput), Object(Illuminate\\Console\\OutputStyle))
#32 /Users/kayng/Desktop/fimmick-Po/fimmick-kinnso-2023-github/laravel/vendor/symfony/console/Application.php(1081): Illuminate\\Console\\Command->run(Object(Symfony\\Component\\Console\\Input\\ArgvInput), Object(Symfony\\Component\\Console\\Output\\ConsoleOutput))
#33 /Users/kayng/Desktop/fimmick-Po/fimmick-kinnso-2023-github/laravel/vendor/symfony/console/Application.php(320): Symfony\\Component\\Console\\Application->doRunCommand(Object(Illuminate\\Queue\\Console\\WorkCommand), Object(Symfony\\Component\\Console\\Input\\ArgvInput), Object(Symfony\\Component\\Console\\Output\\ConsoleOutput))
#34 /Users/kayng/Desktop/fimmick-Po/fimmick-kinnso-2023-github/laravel/vendor/symfony/console/Application.php(174): Symfony\\Component\\Console\\Application->doRun(Object(Symfony\\Component\\Console\\Input\\ArgvInput), Object(Symfony\\Component\\Console\\Output\\ConsoleOutput))
#35 /Users/kayng/Desktop/fimmick-Po/fimmick-kinnso-2023-github/laravel/vendor/laravel/framework/src/Illuminate/Foundation/Console/Kernel.php(201): Symfony\\Component\\Console\\Application->run(Object(Symfony\\Component\\Console\\Input\\ArgvInput), Object(Symfony\\Component\\Console\\Output\\ConsoleOutput))
#36 /Users/kayng/Desktop/fimmick-Po/fimmick-kinnso-2023-github/laravel/artisan(35): Illuminate\\Foundation\\Console\\Kernel->handle(Object(Symfony\\Component\\Console\\Input\\ArgvInput), Object(Symfony\\Component\\Console\\Output\\ConsoleOutput))
#37 {main}
"} 
[2023-12-06 17:05:06] local.ERROR: Undefined constant "App\Http\Controllers\this" {"exception":"[object] (Error(code: 0): Undefined constant \"App\\Http\\Controllers\\this\" at /Users/kayng/Desktop/fimmick-Po/fimmick-kinnso-2023-github/laravel/app/Http/Controllers/ChatbotLogicController.php:1413)
[stacktrace]
#0 [internal function]: App\\Http\\Controllers\\ChatbotLogicController->processMenu(Array, Object(App\\Models\\Member), Array, 'whatsapp-twilio')
#1 /Users/kayng/Desktop/fimmick-Po/fimmick-kinnso-2023-github/laravel/app/Http/Controllers/ChatbotLogicController.php(311): call_user_func_array(Array, Array)
#2 /Users/kayng/Desktop/fimmick-Po/fimmick-kinnso-2023-github/laravel/app/Http/Controllers/ChatbotWhatsappTwilioController.php(142): App\\Http\\Controllers\\ChatbotLogicController->processLogic(Array, Object(App\\Models\\Member), Object(App\\Models\\ChatbotState), 'whatsapp-twilio')
#3 /Users/kayng/Desktop/fimmick-Po/fimmick-kinnso-2023-github/laravel/app/Jobs/ProcessWhatsappTwilioReply.php(32): App\\Http\\Controllers\\ChatbotWhatsappTwilioController->parseWebhook(30)
#4 /Users/kayng/Desktop/fimmick-Po/fimmick-kinnso-2023-github/laravel/vendor/laravel/framework/src/Illuminate/Container/BoundMethod.php(36): App\\Jobs\\ProcessWhatsappTwilioReply->handle()
#5 /Users/kayng/Desktop/fimmick-Po/fimmick-kinnso-2023-github/laravel/vendor/laravel/framework/src/Illuminate/Container/Util.php(41): Illuminate\\Container\\BoundMethod::Illuminate\\Container\\{closure}()
#6 /Users/kayng/Desktop/fimmick-Po/fimmick-kinnso-2023-github/laravel/vendor/laravel/framework/src/Illuminate/Container/BoundMethod.php(93): Illuminate\\Container\\Util::unwrapIfClosure(Object(Closure))
#7 /Users/kayng/Desktop/fimmick-Po/fimmick-kinnso-2023-github/laravel/vendor/laravel/framework/src/Illuminate/Container/BoundMethod.php(35): Illuminate\\Container\\BoundMethod::callBoundMethod(Object(Illuminate\\Foundation\\Application), Array, Object(Closure))
#8 /Users/kayng/Desktop/fimmick-Po/fimmick-kinnso-2023-github/laravel/vendor/laravel/framework/src/Illuminate/Container/Container.php(662): Illuminate\\Container\\BoundMethod::call(Object(Illuminate\\Foundation\\Application), Array, Array, NULL)
#9 /Users/kayng/Desktop/fimmick-Po/fimmick-kinnso-2023-github/laravel/vendor/laravel/framework/src/Illuminate/Bus/Dispatcher.php(128): Illuminate\\Container\\Container->call(Array)
#10 /Users/kayng/Desktop/fimmick-Po/fimmick-kinnso-2023-github/laravel/vendor/laravel/framework/src/Illuminate/Pipeline/Pipeline.php(141): Illuminate\\Bus\\Dispatcher->Illuminate\\Bus\\{closure}(Object(App\\Jobs\\ProcessWhatsappTwilioReply))
#11 /Users/kayng/Desktop/fimmick-Po/fimmick-kinnso-2023-github/laravel/vendor/laravel/framework/src/Illuminate/Pipeline/Pipeline.php(116): Illuminate\\Pipeline\\Pipeline->Illuminate\\Pipeline\\{closure}(Object(App\\Jobs\\ProcessWhatsappTwilioReply))
#12 /Users/kayng/Desktop/fimmick-Po/fimmick-kinnso-2023-github/laravel/vendor/laravel/framework/src/Illuminate/Bus/Dispatcher.php(132): Illuminate\\Pipeline\\Pipeline->then(Object(Closure))
#13 /Users/kayng/Desktop/fimmick-Po/fimmick-kinnso-2023-github/laravel/vendor/laravel/framework/src/Illuminate/Queue/CallQueuedHandler.php(123): Illuminate\\Bus\\Dispatcher->dispatchNow(Object(App\\Jobs\\ProcessWhatsappTwilioReply), false)
#14 /Users/kayng/Desktop/fimmick-Po/fimmick-kinnso-2023-github/laravel/vendor/laravel/framework/src/Illuminate/Pipeline/Pipeline.php(141): Illuminate\\Queue\\CallQueuedHandler->Illuminate\\Queue\\{closure}(Object(App\\Jobs\\ProcessWhatsappTwilioReply))
#15 /Users/kayng/Desktop/fimmick-Po/fimmick-kinnso-2023-github/laravel/vendor/laravel/framework/src/Illuminate/Pipeline/Pipeline.php(116): Illuminate\\Pipeline\\Pipeline->Illuminate\\Pipeline\\{closure}(Object(App\\Jobs\\ProcessWhatsappTwilioReply))
#16 /Users/kayng/Desktop/fimmick-Po/fimmick-kinnso-2023-github/laravel/vendor/laravel/framework/src/Illuminate/Queue/CallQueuedHandler.php(122): Illuminate\\Pipeline\\Pipeline->then(Object(Closure))
#17 /Users/kayng/Desktop/fimmick-Po/fimmick-kinnso-2023-github/laravel/vendor/laravel/framework/src/Illuminate/Queue/CallQueuedHandler.php(70): Illuminate\\Queue\\CallQueuedHandler->dispatchThroughMiddleware(Object(Illuminate\\Queue\\Jobs\\DatabaseJob), Object(App\\Jobs\\ProcessWhatsappTwilioReply))
#18 /Users/kayng/Desktop/fimmick-Po/fimmick-kinnso-2023-github/laravel/vendor/laravel/framework/src/Illuminate/Queue/Jobs/Job.php(102): Illuminate\\Queue\\CallQueuedHandler->call(Object(Illuminate\\Queue\\Jobs\\DatabaseJob), Array)
#19 /Users/kayng/Desktop/fimmick-Po/fimmick-kinnso-2023-github/laravel/vendor/laravel/framework/src/Illuminate/Queue/Worker.php(439): Illuminate\\Queue\\Jobs\\Job->fire()
#20 /Users/kayng/Desktop/fimmick-Po/fimmick-kinnso-2023-github/laravel/vendor/laravel/framework/src/Illuminate/Queue/Worker.php(389): Illuminate\\Queue\\Worker->process('database', Object(Illuminate\\Queue\\Jobs\\DatabaseJob), Object(Illuminate\\Queue\\WorkerOptions))
#21 /Users/kayng/Desktop/fimmick-Po/fimmick-kinnso-2023-github/laravel/vendor/laravel/framework/src/Illuminate/Queue/Worker.php(333): Illuminate\\Queue\\Worker->runJob(Object(Illuminate\\Queue\\Jobs\\DatabaseJob), 'database', Object(Illuminate\\Queue\\WorkerOptions))
#22 /Users/kayng/Desktop/fimmick-Po/fimmick-kinnso-2023-github/laravel/vendor/laravel/framework/src/Illuminate/Queue/Console/WorkCommand.php(137): Illuminate\\Queue\\Worker->runNextJob('database', 'whatsapp-twilio...', Object(Illuminate\\Queue\\WorkerOptions))
#23 /Users/kayng/Desktop/fimmick-Po/fimmick-kinnso-2023-github/laravel/vendor/laravel/framework/src/Illuminate/Queue/Console/WorkCommand.php(120): Illuminate\\Queue\\Console\\WorkCommand->runWorker('database', 'whatsapp-twilio...')
#24 /Users/kayng/Desktop/fimmick-Po/fimmick-kinnso-2023-github/laravel/vendor/laravel/framework/src/Illuminate/Container/BoundMethod.php(36): Illuminate\\Queue\\Console\\WorkCommand->handle()
#25 /Users/kayng/Desktop/fimmick-Po/fimmick-kinnso-2023-github/laravel/vendor/laravel/framework/src/Illuminate/Container/Util.php(41): Illuminate\\Container\\BoundMethod::Illuminate\\Container\\{closure}()
#26 /Users/kayng/Desktop/fimmick-Po/fimmick-kinnso-2023-github/laravel/vendor/laravel/framework/src/Illuminate/Container/BoundMethod.php(93): Illuminate\\Container\\Util::unwrapIfClosure(Object(Closure))
#27 /Users/kayng/Desktop/fimmick-Po/fimmick-kinnso-2023-github/laravel/vendor/laravel/framework/src/Illuminate/Container/BoundMethod.php(35): Illuminate\\Container\\BoundMethod::callBoundMethod(Object(Illuminate\\Foundation\\Application), Array, Object(Closure))
#28 /Users/kayng/Desktop/fimmick-Po/fimmick-kinnso-2023-github/laravel/vendor/laravel/framework/src/Illuminate/Container/Container.php(662): Illuminate\\Container\\BoundMethod::call(Object(Illuminate\\Foundation\\Application), Array, Array, NULL)
#29 /Users/kayng/Desktop/fimmick-Po/fimmick-kinnso-2023-github/laravel/vendor/laravel/framework/src/Illuminate/Console/Command.php(211): Illuminate\\Container\\Container->call(Array)
#30 /Users/kayng/Desktop/fimmick-Po/fimmick-kinnso-2023-github/laravel/vendor/symfony/console/Command/Command.php(326): Illuminate\\Console\\Command->execute(Object(Symfony\\Component\\Console\\Input\\ArgvInput), Object(Illuminate\\Console\\OutputStyle))
#31 /Users/kayng/Desktop/fimmick-Po/fimmick-kinnso-2023-github/laravel/vendor/laravel/framework/src/Illuminate/Console/Command.php(180): Symfony\\Component\\Console\\Command\\Command->run(Object(Symfony\\Component\\Console\\Input\\ArgvInput), Object(Illuminate\\Console\\OutputStyle))
#32 /Users/kayng/Desktop/fimmick-Po/fimmick-kinnso-2023-github/laravel/vendor/symfony/console/Application.php(1081): Illuminate\\Console\\Command->run(Object(Symfony\\Component\\Console\\Input\\ArgvInput), Object(Symfony\\Component\\Console\\Output\\ConsoleOutput))
#33 /Users/kayng/Desktop/fimmick-Po/fimmick-kinnso-2023-github/laravel/vendor/symfony/console/Application.php(320): Symfony\\Component\\Console\\Application->doRunCommand(Object(Illuminate\\Queue\\Console\\WorkCommand), Object(Symfony\\Component\\Console\\Input\\ArgvInput), Object(Symfony\\Component\\Console\\Output\\ConsoleOutput))
#34 /Users/kayng/Desktop/fimmick-Po/fimmick-kinnso-2023-github/laravel/vendor/symfony/console/Application.php(174): Symfony\\Component\\Console\\Application->doRun(Object(Symfony\\Component\\Console\\Input\\ArgvInput), Object(Symfony\\Component\\Console\\Output\\ConsoleOutput))
#35 /Users/kayng/Desktop/fimmick-Po/fimmick-kinnso-2023-github/laravel/vendor/laravel/framework/src/Illuminate/Foundation/Console/Kernel.php(201): Symfony\\Component\\Console\\Application->run(Object(Symfony\\Component\\Console\\Input\\ArgvInput), Object(Symfony\\Component\\Console\\Output\\ConsoleOutput))
#36 /Users/kayng/Desktop/fimmick-Po/fimmick-kinnso-2023-github/laravel/artisan(35): Illuminate\\Foundation\\Console\\Kernel->handle(Object(Symfony\\Component\\Console\\Input\\ArgvInput), Object(Symfony\\Component\\Console\\Output\\ConsoleOutput))
#37 {main}
"} 
[2023-12-06 17:06:29] local.ERROR: Too few arguments to function App\Http\Controllers\ChatbotLogicController::processChatbotAI(), 3 passed in /Users/kayng/Desktop/fimmick-Po/fimmick-kinnso-2023-github/laravel/app/Http/Controllers/ChatbotLogicController.php on line 1317 and exactly 4 expected {"exception":"[object] (ArgumentCountError(code: 0): Too few arguments to function App\\Http\\Controllers\\ChatbotLogicController::processChatbotAI(), 3 passed in /Users/kayng/Desktop/fimmick-Po/fimmick-kinnso-2023-github/laravel/app/Http/Controllers/ChatbotLogicController.php on line 1317 and exactly 4 expected at /Users/kayng/Desktop/fimmick-Po/fimmick-kinnso-2023-github/laravel/app/Http/Controllers/ChatbotLogicController.php:1236)
[stacktrace]
#0 /Users/kayng/Desktop/fimmick-Po/fimmick-kinnso-2023-github/laravel/app/Http/Controllers/ChatbotLogicController.php(1317): App\\Http\\Controllers\\ChatbotLogicController::processChatbotAI(Array, Object(App\\Models\\Member), NULL)
#1 [internal function]: App\\Http\\Controllers\\ChatbotLogicController->processMenu(Array, Object(App\\Models\\Member), Array, 'whatsapp-twilio')
#2 /Users/kayng/Desktop/fimmick-Po/fimmick-kinnso-2023-github/laravel/app/Http/Controllers/ChatbotLogicController.php(311): call_user_func_array(Array, Array)
#3 /Users/kayng/Desktop/fimmick-Po/fimmick-kinnso-2023-github/laravel/app/Http/Controllers/ChatbotWhatsappTwilioController.php(142): App\\Http\\Controllers\\ChatbotLogicController->processLogic(Array, Object(App\\Models\\Member), Object(App\\Models\\ChatbotState), 'whatsapp-twilio')
#4 /Users/kayng/Desktop/fimmick-Po/fimmick-kinnso-2023-github/laravel/app/Jobs/ProcessWhatsappTwilioReply.php(32): App\\Http\\Controllers\\ChatbotWhatsappTwilioController->parseWebhook(32)
#5 /Users/kayng/Desktop/fimmick-Po/fimmick-kinnso-2023-github/laravel/vendor/laravel/framework/src/Illuminate/Container/BoundMethod.php(36): App\\Jobs\\ProcessWhatsappTwilioReply->handle()
#6 /Users/kayng/Desktop/fimmick-Po/fimmick-kinnso-2023-github/laravel/vendor/laravel/framework/src/Illuminate/Container/Util.php(41): Illuminate\\Container\\BoundMethod::Illuminate\\Container\\{closure}()
#7 /Users/kayng/Desktop/fimmick-Po/fimmick-kinnso-2023-github/laravel/vendor/laravel/framework/src/Illuminate/Container/BoundMethod.php(93): Illuminate\\Container\\Util::unwrapIfClosure(Object(Closure))
#8 /Users/kayng/Desktop/fimmick-Po/fimmick-kinnso-2023-github/laravel/vendor/laravel/framework/src/Illuminate/Container/BoundMethod.php(35): Illuminate\\Container\\BoundMethod::callBoundMethod(Object(Illuminate\\Foundation\\Application), Array, Object(Closure))
#9 /Users/kayng/Desktop/fimmick-Po/fimmick-kinnso-2023-github/laravel/vendor/laravel/framework/src/Illuminate/Container/Container.php(662): Illuminate\\Container\\BoundMethod::call(Object(Illuminate\\Foundation\\Application), Array, Array, NULL)
#10 /Users/kayng/Desktop/fimmick-Po/fimmick-kinnso-2023-github/laravel/vendor/laravel/framework/src/Illuminate/Bus/Dispatcher.php(128): Illuminate\\Container\\Container->call(Array)
#11 /Users/kayng/Desktop/fimmick-Po/fimmick-kinnso-2023-github/laravel/vendor/laravel/framework/src/Illuminate/Pipeline/Pipeline.php(141): Illuminate\\Bus\\Dispatcher->Illuminate\\Bus\\{closure}(Object(App\\Jobs\\ProcessWhatsappTwilioReply))
#12 /Users/kayng/Desktop/fimmick-Po/fimmick-kinnso-2023-github/laravel/vendor/laravel/framework/src/Illuminate/Pipeline/Pipeline.php(116): Illuminate\\Pipeline\\Pipeline->Illuminate\\Pipeline\\{closure}(Object(App\\Jobs\\ProcessWhatsappTwilioReply))
#13 /Users/kayng/Desktop/fimmick-Po/fimmick-kinnso-2023-github/laravel/vendor/laravel/framework/src/Illuminate/Bus/Dispatcher.php(132): Illuminate\\Pipeline\\Pipeline->then(Object(Closure))
#14 /Users/kayng/Desktop/fimmick-Po/fimmick-kinnso-2023-github/laravel/vendor/laravel/framework/src/Illuminate/Queue/CallQueuedHandler.php(123): Illuminate\\Bus\\Dispatcher->dispatchNow(Object(App\\Jobs\\ProcessWhatsappTwilioReply), false)
#15 /Users/kayng/Desktop/fimmick-Po/fimmick-kinnso-2023-github/laravel/vendor/laravel/framework/src/Illuminate/Pipeline/Pipeline.php(141): Illuminate\\Queue\\CallQueuedHandler->Illuminate\\Queue\\{closure}(Object(App\\Jobs\\ProcessWhatsappTwilioReply))
#16 /Users/kayng/Desktop/fimmick-Po/fimmick-kinnso-2023-github/laravel/vendor/laravel/framework/src/Illuminate/Pipeline/Pipeline.php(116): Illuminate\\Pipeline\\Pipeline->Illuminate\\Pipeline\\{closure}(Object(App\\Jobs\\ProcessWhatsappTwilioReply))
#17 /Users/kayng/Desktop/fimmick-Po/fimmick-kinnso-2023-github/laravel/vendor/laravel/framework/src/Illuminate/Queue/CallQueuedHandler.php(122): Illuminate\\Pipeline\\Pipeline->then(Object(Closure))
#18 /Users/kayng/Desktop/fimmick-Po/fimmick-kinnso-2023-github/laravel/vendor/laravel/framework/src/Illuminate/Queue/CallQueuedHandler.php(70): Illuminate\\Queue\\CallQueuedHandler->dispatchThroughMiddleware(Object(Illuminate\\Queue\\Jobs\\DatabaseJob), Object(App\\Jobs\\ProcessWhatsappTwilioReply))
#19 /Users/kayng/Desktop/fimmick-Po/fimmick-kinnso-2023-github/laravel/vendor/laravel/framework/src/Illuminate/Queue/Jobs/Job.php(102): Illuminate\\Queue\\CallQueuedHandler->call(Object(Illuminate\\Queue\\Jobs\\DatabaseJob), Array)
#20 /Users/kayng/Desktop/fimmick-Po/fimmick-kinnso-2023-github/laravel/vendor/laravel/framework/src/Illuminate/Queue/Worker.php(439): Illuminate\\Queue\\Jobs\\Job->fire()
#21 /Users/kayng/Desktop/fimmick-Po/fimmick-kinnso-2023-github/laravel/vendor/laravel/framework/src/Illuminate/Queue/Worker.php(389): Illuminate\\Queue\\Worker->process('database', Object(Illuminate\\Queue\\Jobs\\DatabaseJob), Object(Illuminate\\Queue\\WorkerOptions))
#22 /Users/kayng/Desktop/fimmick-Po/fimmick-kinnso-2023-github/laravel/vendor/laravel/framework/src/Illuminate/Queue/Worker.php(333): Illuminate\\Queue\\Worker->runJob(Object(Illuminate\\Queue\\Jobs\\DatabaseJob), 'database', Object(Illuminate\\Queue\\WorkerOptions))
#23 /Users/kayng/Desktop/fimmick-Po/fimmick-kinnso-2023-github/laravel/vendor/laravel/framework/src/Illuminate/Queue/Console/WorkCommand.php(137): Illuminate\\Queue\\Worker->runNextJob('database', 'whatsapp-twilio...', Object(Illuminate\\Queue\\WorkerOptions))
#24 /Users/kayng/Desktop/fimmick-Po/fimmick-kinnso-2023-github/laravel/vendor/laravel/framework/src/Illuminate/Queue/Console/WorkCommand.php(120): Illuminate\\Queue\\Console\\WorkCommand->runWorker('database', 'whatsapp-twilio...')
#25 /Users/kayng/Desktop/fimmick-Po/fimmick-kinnso-2023-github/laravel/vendor/laravel/framework/src/Illuminate/Container/BoundMethod.php(36): Illuminate\\Queue\\Console\\WorkCommand->handle()
#26 /Users/kayng/Desktop/fimmick-Po/fimmick-kinnso-2023-github/laravel/vendor/laravel/framework/src/Illuminate/Container/Util.php(41): Illuminate\\Container\\BoundMethod::Illuminate\\Container\\{closure}()
#27 /Users/kayng/Desktop/fimmick-Po/fimmick-kinnso-2023-github/laravel/vendor/laravel/framework/src/Illuminate/Container/BoundMethod.php(93): Illuminate\\Container\\Util::unwrapIfClosure(Object(Closure))
#28 /Users/kayng/Desktop/fimmick-Po/fimmick-kinnso-2023-github/laravel/vendor/laravel/framework/src/Illuminate/Container/BoundMethod.php(35): Illuminate\\Container\\BoundMethod::callBoundMethod(Object(Illuminate\\Foundation\\Application), Array, Object(Closure))
#29 /Users/kayng/Desktop/fimmick-Po/fimmick-kinnso-2023-github/laravel/vendor/laravel/framework/src/Illuminate/Container/Container.php(662): Illuminate\\Container\\BoundMethod::call(Object(Illuminate\\Foundation\\Application), Array, Array, NULL)
#30 /Users/kayng/Desktop/fimmick-Po/fimmick-kinnso-2023-github/laravel/vendor/laravel/framework/src/Illuminate/Console/Command.php(211): Illuminate\\Container\\Container->call(Array)
#31 /Users/kayng/Desktop/fimmick-Po/fimmick-kinnso-2023-github/laravel/vendor/symfony/console/Command/Command.php(326): Illuminate\\Console\\Command->execute(Object(Symfony\\Component\\Console\\Input\\ArgvInput), Object(Illuminate\\Console\\OutputStyle))
#32 /Users/kayng/Desktop/fimmick-Po/fimmick-kinnso-2023-github/laravel/vendor/laravel/framework/src/Illuminate/Console/Command.php(180): Symfony\\Component\\Console\\Command\\Command->run(Object(Symfony\\Component\\Console\\Input\\ArgvInput), Object(Illuminate\\Console\\OutputStyle))
#33 /Users/kayng/Desktop/fimmick-Po/fimmick-kinnso-2023-github/laravel/vendor/symfony/console/Application.php(1081): Illuminate\\Console\\Command->run(Object(Symfony\\Component\\Console\\Input\\ArgvInput), Object(Symfony\\Component\\Console\\Output\\ConsoleOutput))
#34 /Users/kayng/Desktop/fimmick-Po/fimmick-kinnso-2023-github/laravel/vendor/symfony/console/Application.php(320): Symfony\\Component\\Console\\Application->doRunCommand(Object(Illuminate\\Queue\\Console\\WorkCommand), Object(Symfony\\Component\\Console\\Input\\ArgvInput), Object(Symfony\\Component\\Console\\Output\\ConsoleOutput))
#35 /Users/kayng/Desktop/fimmick-Po/fimmick-kinnso-2023-github/laravel/vendor/symfony/console/Application.php(174): Symfony\\Component\\Console\\Application->doRun(Object(Symfony\\Component\\Console\\Input\\ArgvInput), Object(Symfony\\Component\\Console\\Output\\ConsoleOutput))
#36 /Users/kayng/Desktop/fimmick-Po/fimmick-kinnso-2023-github/laravel/vendor/laravel/framework/src/Illuminate/Foundation/Console/Kernel.php(201): Symfony\\Component\\Console\\Application->run(Object(Symfony\\Component\\Console\\Input\\ArgvInput), Object(Symfony\\Component\\Console\\Output\\ConsoleOutput))
#37 /Users/kayng/Desktop/fimmick-Po/fimmick-kinnso-2023-github/laravel/artisan(35): Illuminate\\Foundation\\Console\\Kernel->handle(Object(Symfony\\Component\\Console\\Input\\ArgvInput), Object(Symfony\\Component\\Console\\Output\\ConsoleOutput))
#38 {main}
"} 
